<?xml version="1.0" encoding="UTF-8"?>
<!-- Generated by org.testng.reporters.JUnitReportReporter -->
<testsuite skipped="0" hostname="Epic" name="test.TestFacebookSignUp" tests="1" failures="0" timestamp="09 Aug 2019 02:02:41 GMT" time="28.312" errors="0">
  <testcase name="signUp" time="28.312" classname="test.TestFacebookSignUp"/>
</testsuite> <!-- test.TestFacebookSignUp -->
